mode: set
github.com/begonia-org/begonia/internal/server/server.go:26.57,33.2 3 1
github.com/begonia-org/begonia/internal/server/server.go:34.73,37.16 3 1
github.com/begonia-org/begonia/internal/server/server.go:37.16,39.3 1 1
github.com/begonia-org/begonia/internal/server/server.go:40.2,41.16 2 1
github.com/begonia-org/begonia/internal/server/server.go:41.16,43.3 1 1
github.com/begonia-org/begonia/internal/server/server.go:44.2,45.16 2 1
github.com/begonia-org/begonia/internal/server/server.go:45.16,47.3 1 1
github.com/begonia-org/begonia/internal/server/server.go:48.2,48.16 1 1
github.com/begonia-org/begonia/internal/server/server.go:50.155,76.16 15 1
github.com/begonia-org/begonia/internal/server/server.go:76.16,77.13 1 1
github.com/begonia-org/begonia/internal/server/server.go:79.2,87.31 5 1
github.com/begonia-org/begonia/internal/server/server.go:87.31,89.17 2 1
github.com/begonia-org/begonia/internal/server/server.go:89.17,90.14 1 1
github.com/begonia-org/begonia/internal/server/server.go:92.3,92.45 1 1
github.com/begonia-org/begonia/internal/server/server.go:92.45,94.4 1 1
github.com/begonia-org/begonia/internal/server/server.go:97.2,99.11 2 1
