mode: set
github.com/wetrycode/begonia/internal/pkg/runtime/load.go:28.61,33.2 1 1
github.com/wetrycode/begonia/internal/pkg/runtime/load.go:34.71,37.16 2 1
github.com/wetrycode/begonia/internal/pkg/runtime/load.go:37.16,39.3 1 0
github.com/wetrycode/begonia/internal/pkg/runtime/load.go:40.2,43.27 2 1
github.com/wetrycode/begonia/internal/pkg/runtime/load.go:43.27,48.27 2 1
github.com/wetrycode/begonia/internal/pkg/runtime/load.go:48.27,51.15 2 1
github.com/wetrycode/begonia/internal/pkg/runtime/load.go:51.15,53.5 1 0
github.com/wetrycode/begonia/internal/pkg/runtime/load.go:54.4,54.12 1 1
github.com/wetrycode/begonia/internal/pkg/runtime/load.go:58.3,58.70 1 1
github.com/wetrycode/begonia/internal/pkg/runtime/load.go:58.70,60.4 1 0
github.com/wetrycode/begonia/internal/pkg/runtime/load.go:63.3,64.17 2 1
github.com/wetrycode/begonia/internal/pkg/runtime/load.go:64.17,66.4 1 0
github.com/wetrycode/begonia/internal/pkg/runtime/load.go:67.3,71.17 3 1
github.com/wetrycode/begonia/internal/pkg/runtime/load.go:71.17,73.4 1 0
github.com/wetrycode/begonia/internal/pkg/runtime/load.go:74.3,77.52 2 1
github.com/wetrycode/begonia/internal/pkg/runtime/load.go:77.52,79.4 1 0
github.com/wetrycode/begonia/internal/pkg/runtime/load.go:81.2,81.12 1 1
github.com/wetrycode/begonia/internal/pkg/runtime/load.go:85.59,88.16 2 1
github.com/wetrycode/begonia/internal/pkg/runtime/load.go:88.16,90.3 1 0
github.com/wetrycode/begonia/internal/pkg/runtime/load.go:91.2,95.16 3 1
github.com/wetrycode/begonia/internal/pkg/runtime/load.go:95.16,97.3 1 0
github.com/wetrycode/begonia/internal/pkg/runtime/load.go:98.2,102.16 3 1
github.com/wetrycode/begonia/internal/pkg/runtime/load.go:102.16,104.3 1 0
github.com/wetrycode/begonia/internal/pkg/runtime/load.go:107.2,108.12 2 1
github.com/wetrycode/begonia/internal/pkg/runtime/load.go:110.76,120.16 8 1
github.com/wetrycode/begonia/internal/pkg/runtime/load.go:120.16,123.3 2 0
github.com/wetrycode/begonia/internal/pkg/runtime/load.go:124.2,124.24 1 1
github.com/wetrycode/begonia/internal/pkg/runtime/load.go:126.95,133.16 6 1
github.com/wetrycode/begonia/internal/pkg/runtime/load.go:133.16,135.3 1 0
github.com/wetrycode/begonia/internal/pkg/runtime/load.go:136.2,138.16 3 1
github.com/wetrycode/begonia/internal/pkg/runtime/load.go:138.16,140.3 1 0
github.com/wetrycode/begonia/internal/pkg/runtime/load.go:141.2,144.16 4 1
github.com/wetrycode/begonia/internal/pkg/runtime/load.go:144.16,146.3 1 0
github.com/wetrycode/begonia/internal/pkg/runtime/load.go:147.2,148.16 2 1
github.com/wetrycode/begonia/internal/pkg/runtime/load.go:148.16,150.3 1 0
github.com/wetrycode/begonia/internal/pkg/runtime/load.go:151.2,154.16 4 1
github.com/wetrycode/begonia/internal/pkg/runtime/load.go:154.16,156.3 1 0
github.com/wetrycode/begonia/internal/pkg/runtime/load.go:157.2,157.25 1 1
github.com/wetrycode/begonia/internal/pkg/runtime/load.go:157.25,159.3 1 1
github.com/wetrycode/begonia/internal/pkg/runtime/load.go:160.2,160.132 1 1
