mode: set
github.com/wetrycode/begonia/internal/pkg/runtime/load.go:28.61,33.2 1 1
github.com/wetrycode/begonia/internal/pkg/runtime/load.go:34.71,37.16 2 1
github.com/wetrycode/begonia/internal/pkg/runtime/load.go:37.16,39.3 1 0
github.com/wetrycode/begonia/internal/pkg/runtime/load.go:40.2,43.27 2 1
github.com/wetrycode/begonia/internal/pkg/runtime/load.go:43.27,48.27 2 1
github.com/wetrycode/begonia/internal/pkg/runtime/load.go:48.27,51.12 2 1
github.com/wetrycode/begonia/internal/pkg/runtime/load.go:55.3,55.70 1 1
github.com/wetrycode/begonia/internal/pkg/runtime/load.go:55.70,57.4 1 0
github.com/wetrycode/begonia/internal/pkg/runtime/load.go:60.3,61.17 2 1
github.com/wetrycode/begonia/internal/pkg/runtime/load.go:61.17,63.4 1 0
github.com/wetrycode/begonia/internal/pkg/runtime/load.go:64.3,68.17 3 1
github.com/wetrycode/begonia/internal/pkg/runtime/load.go:68.17,70.4 1 0
github.com/wetrycode/begonia/internal/pkg/runtime/load.go:71.3,74.52 2 1
github.com/wetrycode/begonia/internal/pkg/runtime/load.go:74.52,76.4 1 0
github.com/wetrycode/begonia/internal/pkg/runtime/load.go:78.2,78.12 1 1
github.com/wetrycode/begonia/internal/pkg/runtime/load.go:82.59,85.16 2 1
github.com/wetrycode/begonia/internal/pkg/runtime/load.go:85.16,87.3 1 0
github.com/wetrycode/begonia/internal/pkg/runtime/load.go:88.2,92.16 3 1
github.com/wetrycode/begonia/internal/pkg/runtime/load.go:92.16,94.3 1 0
github.com/wetrycode/begonia/internal/pkg/runtime/load.go:95.2,99.16 3 1
github.com/wetrycode/begonia/internal/pkg/runtime/load.go:99.16,101.3 1 0
github.com/wetrycode/begonia/internal/pkg/runtime/load.go:104.2,105.12 2 1
github.com/wetrycode/begonia/internal/pkg/runtime/load.go:107.67,116.16 7 1
github.com/wetrycode/begonia/internal/pkg/runtime/load.go:116.16,119.3 2 1
github.com/wetrycode/begonia/internal/pkg/runtime/load.go:120.2,120.12 1 0
github.com/wetrycode/begonia/internal/pkg/runtime/load.go:122.98,128.16 5 1
github.com/wetrycode/begonia/internal/pkg/runtime/load.go:128.16,130.3 1 0
github.com/wetrycode/begonia/internal/pkg/runtime/load.go:131.2,132.16 2 1
github.com/wetrycode/begonia/internal/pkg/runtime/load.go:132.16,134.3 1 0
github.com/wetrycode/begonia/internal/pkg/runtime/load.go:135.2,138.16 4 1
github.com/wetrycode/begonia/internal/pkg/runtime/load.go:138.16,140.3 1 0
github.com/wetrycode/begonia/internal/pkg/runtime/load.go:141.2,141.34 1 1
