mode: set
github.com/begonia-org/begonia/internal/pkg/middleware/reponse.go:19.94,21.15 2 0
github.com/begonia-org/begonia/internal/pkg/middleware/reponse.go:21.15,24.3 2 0
github.com/begonia-org/begonia/internal/pkg/middleware/reponse.go:25.2,27.9 2 0
github.com/begonia-org/begonia/internal/pkg/middleware/reponse.go:27.9,29.10 2 0
github.com/begonia-org/begonia/internal/pkg/middleware/reponse.go:29.10,31.4 1 0
github.com/begonia-org/begonia/internal/pkg/middleware/reponse.go:32.3,32.25 1 0
github.com/begonia-org/begonia/internal/pkg/middleware/reponse.go:34.2,35.24 2 0
github.com/begonia-org/begonia/internal/pkg/middleware/reponse.go:35.24,37.3 1 0
github.com/begonia-org/begonia/internal/pkg/middleware/reponse.go:38.2,40.12 3 0
github.com/begonia-org/begonia/internal/pkg/middleware/reponse.go:43.76,44.140 1 0
github.com/begonia-org/begonia/internal/pkg/middleware/reponse.go:44.140,47.9 3 0
github.com/begonia-org/begonia/internal/pkg/middleware/reponse.go:47.9,49.23 2 0
github.com/begonia-org/begonia/internal/pkg/middleware/reponse.go:49.23,51.5 1 0
github.com/begonia-org/begonia/internal/pkg/middleware/reponse.go:53.3,53.18 1 0
github.com/begonia-org/begonia/internal/pkg/middleware/reponse.go:53.18,55.4 1 0
github.com/begonia-org/begonia/internal/pkg/middleware/reponse.go:56.3,73.42 8 0
github.com/begonia-org/begonia/internal/pkg/middleware/reponse.go:73.42,77.40 3 0
github.com/begonia-org/begonia/internal/pkg/middleware/reponse.go:77.40,78.31 1 0
github.com/begonia-org/begonia/internal/pkg/middleware/reponse.go:79.21,81.85 2 0
github.com/begonia-org/begonia/internal/pkg/middleware/reponse.go:81.85,83.21 2 0
github.com/begonia-org/begonia/internal/pkg/middleware/reponse.go:83.21,86.8 2 0
github.com/begonia-org/begonia/internal/pkg/middleware/reponse.go:87.7,89.25 2 0
github.com/begonia-org/begonia/internal/pkg/middleware/reponse.go:95.3,95.22 1 0
github.com/begonia-org/begonia/internal/pkg/middleware/request.go:14.63,19.2 4 0
github.com/begonia-org/begonia/internal/pkg/middleware/request.go:20.60,21.71 1 0
github.com/begonia-org/begonia/internal/pkg/middleware/request.go:21.71,22.65 1 0
github.com/begonia-org/begonia/internal/pkg/middleware/request.go:22.65,24.32 2 0
github.com/begonia-org/begonia/internal/pkg/middleware/request.go:24.32,25.65 1 0
github.com/begonia-org/begonia/internal/pkg/middleware/request.go:25.65,27.11 2 0
github.com/begonia-org/begonia/internal/pkg/middleware/request.go:30.4,30.18 1 0
github.com/begonia-org/begonia/internal/pkg/middleware/request.go:30.18,32.85 2 0
github.com/begonia-org/begonia/internal/pkg/middleware/request.go:32.85,35.6 2 0
github.com/begonia-org/begonia/internal/pkg/middleware/request.go:38.3,38.20 1 0
github.com/begonia-org/begonia/internal/pkg/middleware/request.go:41.76,43.9 2 0
github.com/begonia-org/begonia/internal/pkg/middleware/request.go:43.9,45.3 1 0
github.com/begonia-org/begonia/internal/pkg/middleware/request.go:46.2,46.58 1 0
github.com/begonia-org/begonia/internal/pkg/middleware/request.go:46.58,48.3 1 0
github.com/begonia-org/begonia/internal/pkg/middleware/request.go:49.2,49.20 1 0
github.com/begonia-org/begonia/internal/pkg/middleware/request.go:53.84,63.31 2 0
github.com/begonia-org/begonia/internal/pkg/middleware/request.go:63.31,64.90 1 0
github.com/begonia-org/begonia/internal/pkg/middleware/request.go:64.90,66.3 1 0
github.com/begonia-org/begonia/internal/pkg/middleware/request.go:68.2,73.42 6 0
github.com/begonia-org/begonia/internal/pkg/middleware/request.go:73.42,75.3 1 0
github.com/begonia-org/begonia/internal/pkg/middleware/request.go:76.2,83.11 8 0
github.com/begonia-org/begonia/internal/pkg/middleware/serialization.go:32.37,33.23 1 0
github.com/begonia-org/begonia/internal/pkg/middleware/serialization.go:33.23,35.3 1 0
github.com/begonia-org/begonia/internal/pkg/middleware/serialization.go:36.2,36.20 1 0
github.com/begonia-org/begonia/internal/pkg/middleware/serialization.go:42.53,44.33 2 0
github.com/begonia-org/begonia/internal/pkg/middleware/serialization.go:44.33,46.3 1 0
github.com/begonia-org/begonia/internal/pkg/middleware/serialization.go:48.2,49.85 2 0
github.com/begonia-org/begonia/internal/pkg/middleware/serialization.go:49.85,51.3 1 0
github.com/begonia-org/begonia/internal/pkg/middleware/serialization.go:52.2,53.16 2 0
github.com/begonia-org/begonia/internal/pkg/middleware/serialization.go:53.16,55.3 1 0
github.com/begonia-org/begonia/internal/pkg/middleware/serialization.go:56.2,56.17 1 0
github.com/begonia-org/begonia/internal/pkg/middleware/serialization.go:56.17,58.3 1 0
github.com/begonia-org/begonia/internal/pkg/middleware/serialization.go:60.2,60.56 1 0
github.com/begonia-org/begonia/internal/pkg/middleware/serialization.go:60.56,67.3 3 0
github.com/begonia-org/begonia/internal/pkg/middleware/serialization.go:68.2,70.12 2 0
github.com/begonia-org/begonia/internal/pkg/middleware/serialization.go:73.40,76.2 2 0
github.com/begonia-org/begonia/internal/pkg/middleware/serialization.go:77.54,89.2 1 0
github.com/begonia-org/begonia/internal/pkg/middleware/serialization.go:90.72,92.2 1 0
github.com/begonia-org/begonia/internal/pkg/middleware/serialization.go:93.66,95.2 1 0
github.com/begonia-org/begonia/internal/pkg/middleware/serialization.go:96.118,100.80 2 0
github.com/begonia-org/begonia/internal/pkg/middleware/serialization.go:100.80,101.20 1 0
github.com/begonia-org/begonia/internal/pkg/middleware/serialization.go:102.16,103.26 1 0
github.com/begonia-org/begonia/internal/pkg/middleware/serialization.go:104.15,105.25 1 0
github.com/begonia-org/begonia/internal/pkg/middleware/serialization.go:106.13,107.20 1 0
github.com/begonia-org/begonia/internal/pkg/middleware/serialization.go:108.16,109.30 1 0
github.com/begonia-org/begonia/internal/pkg/middleware/serialization.go:111.3,111.14 1 0
github.com/begonia-org/begonia/internal/pkg/middleware/serialization.go:115.2,115.17 1 0
github.com/begonia-org/begonia/internal/pkg/middleware/serialization.go:117.71,118.52 1 0
github.com/begonia-org/begonia/internal/pkg/middleware/serialization.go:118.52,120.38 1 0
github.com/begonia-org/begonia/internal/pkg/middleware/serialization.go:120.38,122.4 1 0
github.com/begonia-org/begonia/internal/pkg/middleware/serialization.go:126.2,126.49 1 0
github.com/begonia-org/begonia/internal/pkg/middleware/serialization.go:126.49,128.17 2 0
github.com/begonia-org/begonia/internal/pkg/middleware/serialization.go:128.17,130.4 1 0
github.com/begonia-org/begonia/internal/pkg/middleware/serialization.go:131.3,132.17 2 0
github.com/begonia-org/begonia/internal/pkg/middleware/serialization.go:132.17,134.4 1 0
github.com/begonia-org/begonia/internal/pkg/middleware/serialization.go:135.3,136.27 2 0
github.com/begonia-org/begonia/internal/pkg/middleware/serialization.go:139.2,139.28 1 0
github.com/begonia-org/begonia/internal/pkg/middleware/serialization.go:141.56,150.2 1 0
github.com/begonia-org/begonia/internal/pkg/middleware/serialization.go:151.54,161.2 1 0
github.com/begonia-org/begonia/internal/pkg/middleware/serialization.go:162.72,163.52 1 0
github.com/begonia-org/begonia/internal/pkg/middleware/serialization.go:163.52,165.38 1 0
github.com/begonia-org/begonia/internal/pkg/middleware/serialization.go:165.38,167.4 1 0
github.com/begonia-org/begonia/internal/pkg/middleware/serialization.go:171.2,171.49 1 0
github.com/begonia-org/begonia/internal/pkg/middleware/serialization.go:171.49,173.17 2 0
github.com/begonia-org/begonia/internal/pkg/middleware/serialization.go:173.17,175.4 1 0
github.com/begonia-org/begonia/internal/pkg/middleware/serialization.go:176.3,180.34 5 0
github.com/begonia-org/begonia/internal/pkg/middleware/serialization.go:180.34,183.18 2 0
github.com/begonia-org/begonia/internal/pkg/middleware/serialization.go:183.18,185.5 1 0
github.com/begonia-org/begonia/internal/pkg/middleware/serialization.go:188.3,189.34 2 0
github.com/begonia-org/begonia/internal/pkg/middleware/serialization.go:192.2,192.28 1 0
github.com/begonia-org/begonia/internal/pkg/middleware/vaildator.go:65.54,67.2 1 1
github.com/begonia-org/begonia/internal/pkg/middleware/vaildator.go:68.57,69.50 1 1
github.com/begonia-org/begonia/internal/pkg/middleware/vaildator.go:69.50,71.3 1 0
github.com/begonia-org/begonia/internal/pkg/middleware/vaildator.go:72.2,73.9 2 1
github.com/begonia-org/begonia/internal/pkg/middleware/vaildator.go:73.9,76.3 1 0
github.com/begonia-org/begonia/internal/pkg/middleware/vaildator.go:77.2,78.9 2 1
github.com/begonia-org/begonia/internal/pkg/middleware/vaildator.go:78.9,81.3 1 1
github.com/begonia-org/begonia/internal/pkg/middleware/vaildator.go:82.2,87.12 4 1
github.com/begonia-org/begonia/internal/pkg/middleware/vaildator.go:90.45,97.2 3 0
github.com/begonia-org/begonia/internal/pkg/middleware/vaildator.go:98.52,103.2 3 0
github.com/begonia-org/begonia/internal/pkg/middleware/vaildator.go:104.45,108.2 1 0
github.com/begonia-org/begonia/internal/pkg/middleware/vaildator.go:109.52,111.2 1 0
github.com/begonia-org/begonia/internal/pkg/middleware/vaildator.go:112.51,119.2 4 0
github.com/begonia-org/begonia/internal/pkg/middleware/vaildator.go:120.58,125.2 3 0
github.com/begonia-org/begonia/internal/pkg/middleware/vaildator.go:130.169,131.25 1 1
github.com/begonia-org/begonia/internal/pkg/middleware/vaildator.go:131.25,140.3 1 1
github.com/begonia-org/begonia/internal/pkg/middleware/vaildator.go:141.2,141.18 1 1
github.com/begonia-org/begonia/internal/pkg/middleware/vaildator.go:145.85,149.16 4 0
github.com/begonia-org/begonia/internal/pkg/middleware/vaildator.go:149.16,151.3 1 0
github.com/begonia-org/begonia/internal/pkg/middleware/vaildator.go:151.8,154.3 1 0
github.com/begonia-org/begonia/internal/pkg/middleware/vaildator.go:155.2,156.22 2 0
github.com/begonia-org/begonia/internal/pkg/middleware/vaildator.go:159.69,162.2 2 0
github.com/begonia-org/begonia/internal/pkg/middleware/vaildator.go:164.110,165.44 1 0
github.com/begonia-org/begonia/internal/pkg/middleware/vaildator.go:165.44,167.3 1 0
github.com/begonia-org/begonia/internal/pkg/middleware/vaildator.go:168.2,168.43 1 0
github.com/begonia-org/begonia/internal/pkg/middleware/vaildator.go:168.43,172.3 3 0
github.com/begonia-org/begonia/internal/pkg/middleware/vaildator.go:173.2,173.33 1 0
github.com/begonia-org/begonia/internal/pkg/middleware/vaildator.go:173.33,175.3 1 0
github.com/begonia-org/begonia/internal/pkg/middleware/vaildator.go:176.2,176.63 1 0
github.com/begonia-org/begonia/internal/pkg/middleware/vaildator.go:176.63,178.3 1 0
github.com/begonia-org/begonia/internal/pkg/middleware/vaildator.go:179.2,179.18 1 0
github.com/begonia-org/begonia/internal/pkg/middleware/vaildator.go:182.84,186.22 3 0
github.com/begonia-org/begonia/internal/pkg/middleware/vaildator.go:186.22,188.3 1 0
github.com/begonia-org/begonia/internal/pkg/middleware/vaildator.go:189.2,189.17 1 0
github.com/begonia-org/begonia/internal/pkg/middleware/vaildator.go:189.17,191.3 1 0
github.com/begonia-org/begonia/internal/pkg/middleware/vaildator.go:192.2,193.23 2 0
github.com/begonia-org/begonia/internal/pkg/middleware/vaildator.go:193.23,195.3 1 0
github.com/begonia-org/begonia/internal/pkg/middleware/vaildator.go:197.2,201.23 4 0
github.com/begonia-org/begonia/internal/pkg/middleware/vaildator.go:201.23,203.3 1 0
github.com/begonia-org/begonia/internal/pkg/middleware/vaildator.go:204.2,206.16 3 0
github.com/begonia-org/begonia/internal/pkg/middleware/vaildator.go:206.16,208.3 1 0
github.com/begonia-org/begonia/internal/pkg/middleware/vaildator.go:209.2,210.16 2 0
github.com/begonia-org/begonia/internal/pkg/middleware/vaildator.go:210.16,212.3 1 0
github.com/begonia-org/begonia/internal/pkg/middleware/vaildator.go:213.2,213.21 1 0
github.com/begonia-org/begonia/internal/pkg/middleware/vaildator.go:218.133,220.16 2 0
github.com/begonia-org/begonia/internal/pkg/middleware/vaildator.go:220.16,222.3 1 0
github.com/begonia-org/begonia/internal/pkg/middleware/vaildator.go:223.2,226.23 4 0
github.com/begonia-org/begonia/internal/pkg/middleware/vaildator.go:226.23,228.3 1 0
github.com/begonia-org/begonia/internal/pkg/middleware/vaildator.go:230.2,233.44 3 0
github.com/begonia-org/begonia/internal/pkg/middleware/vaildator.go:233.44,236.16 2 0
github.com/begonia-org/begonia/internal/pkg/middleware/vaildator.go:236.16,237.32 1 0
github.com/begonia-org/begonia/internal/pkg/middleware/vaildator.go:237.32,241.5 3 0
github.com/begonia-org/begonia/internal/pkg/middleware/vaildator.go:242.4,242.19 1 0
github.com/begonia-org/begonia/internal/pkg/middleware/vaildator.go:242.19,244.19 2 0
github.com/begonia-org/begonia/internal/pkg/middleware/vaildator.go:244.19,246.6 1 0
github.com/begonia-org/begonia/internal/pkg/middleware/vaildator.go:250.3,250.38 1 0
github.com/begonia-org/begonia/internal/pkg/middleware/vaildator.go:250.38,252.4 1 0
github.com/begonia-org/begonia/internal/pkg/middleware/vaildator.go:254.3,255.26 2 0
github.com/begonia-org/begonia/internal/pkg/middleware/vaildator.go:255.26,257.4 1 0
github.com/begonia-org/begonia/internal/pkg/middleware/vaildator.go:258.3,263.17 6 0
github.com/begonia-org/begonia/internal/pkg/middleware/vaildator.go:263.17,265.4 1 0
github.com/begonia-org/begonia/internal/pkg/middleware/vaildator.go:267.3,269.19 3 0
github.com/begonia-org/begonia/internal/pkg/middleware/vaildator.go:273.2,275.18 3 0
github.com/begonia-org/begonia/internal/pkg/middleware/vaildator.go:278.76,280.23 1 1
github.com/begonia-org/begonia/internal/pkg/middleware/vaildator.go:280.23,281.44 1 1
github.com/begonia-org/begonia/internal/pkg/middleware/vaildator.go:281.44,283.4 1 1
github.com/begonia-org/begonia/internal/pkg/middleware/vaildator.go:285.2,285.11 1 0
github.com/begonia-org/begonia/internal/pkg/middleware/vaildator.go:287.152,290.2 2 1
github.com/begonia-org/begonia/internal/pkg/middleware/vaildator.go:291.140,293.16 2 1
github.com/begonia-org/begonia/internal/pkg/middleware/vaildator.go:293.16,295.3 1 0
github.com/begonia-org/begonia/internal/pkg/middleware/vaildator.go:296.2,297.9 2 1
github.com/begonia-org/begonia/internal/pkg/middleware/vaildator.go:297.9,299.3 1 0
github.com/begonia-org/begonia/internal/pkg/middleware/vaildator.go:300.2,302.25 2 1
github.com/begonia-org/begonia/internal/pkg/middleware/vaildator.go:302.25,304.3 1 0
github.com/begonia-org/begonia/internal/pkg/middleware/vaildator.go:306.2,306.47 1 1
github.com/begonia-org/begonia/internal/pkg/middleware/vaildator.go:306.47,308.17 2 0
github.com/begonia-org/begonia/internal/pkg/middleware/vaildator.go:308.17,310.4 1 0
github.com/begonia-org/begonia/internal/pkg/middleware/vaildator.go:311.3,311.18 1 0
github.com/begonia-org/begonia/internal/pkg/middleware/vaildator.go:314.2,315.16 2 1
github.com/begonia-org/begonia/internal/pkg/middleware/vaildator.go:315.16,317.3 1 1
github.com/begonia-org/begonia/internal/pkg/middleware/vaildator.go:318.2,318.17 1 1
github.com/begonia-org/begonia/internal/pkg/middleware/vaildator.go:320.163,322.9 2 0
github.com/begonia-org/begonia/internal/pkg/middleware/vaildator.go:322.9,325.3 1 0
github.com/begonia-org/begonia/internal/pkg/middleware/vaildator.go:326.2,327.9 2 0
github.com/begonia-org/begonia/internal/pkg/middleware/vaildator.go:327.9,329.3 1 0
github.com/begonia-org/begonia/internal/pkg/middleware/vaildator.go:330.2,332.16 3 0
github.com/begonia-org/begonia/internal/pkg/middleware/vaildator.go:332.16,334.3 1 0
github.com/begonia-org/begonia/internal/pkg/middleware/vaildator.go:335.2,335.33 1 0
github.com/begonia-org/begonia/internal/pkg/middleware/vaildator.go:338.137,344.19 4 0
github.com/begonia-org/begonia/internal/pkg/middleware/vaildator.go:344.19,346.3 1 0
github.com/begonia-org/begonia/internal/pkg/middleware/vaildator.go:347.2,348.9 2 0
github.com/begonia-org/begonia/internal/pkg/middleware/vaildator.go:348.9,351.3 1 0
github.com/begonia-org/begonia/internal/pkg/middleware/vaildator.go:353.2,354.17 2 0
github.com/begonia-org/begonia/internal/pkg/middleware/vaildator.go:354.17,356.3 1 0
github.com/begonia-org/begonia/internal/pkg/middleware/vaildator.go:359.2,362.16 3 0
github.com/begonia-org/begonia/internal/pkg/middleware/vaildator.go:362.16,364.3 1 0
github.com/begonia-org/begonia/internal/pkg/middleware/vaildator.go:365.2,365.9 1 0
github.com/begonia-org/begonia/internal/pkg/middleware/vaildator.go:365.9,367.3 1 0
github.com/begonia-org/begonia/internal/pkg/middleware/vaildator.go:368.2,368.20 1 0
github.com/begonia-org/begonia/internal/pkg/middleware/vaildator.go:372.65,373.71 1 0
github.com/begonia-org/begonia/internal/pkg/middleware/vaildator.go:373.71,378.18 5 0
github.com/begonia-org/begonia/internal/pkg/middleware/vaildator.go:378.18,380.4 1 0
github.com/begonia-org/begonia/internal/pkg/middleware/vaildator.go:382.3,382.16 1 0
github.com/begonia-org/begonia/internal/pkg/middleware/vaildator.go:382.16,389.4 1 0
github.com/begonia-org/begonia/internal/pkg/middleware/vaildator.go:390.3,390.20 1 0
github.com/begonia-org/begonia/internal/pkg/middleware/vaildator.go:390.20,392.27 1 0
github.com/begonia-org/begonia/internal/pkg/middleware/vaildator.go:392.27,400.76 2 0
github.com/begonia-org/begonia/internal/pkg/middleware/vaildator.go:400.76,401.47 1 0
github.com/begonia-org/begonia/internal/pkg/middleware/vaildator.go:401.47,404.21 3 0
github.com/begonia-org/begonia/internal/pkg/middleware/vaildator.go:404.21,408.8 3 0
github.com/begonia-org/begonia/internal/pkg/middleware/vaildator.go:411.6,413.20 3 0
github.com/begonia-org/begonia/internal/pkg/middleware/vaildator.go:413.20,416.7 2 0
github.com/begonia-org/begonia/internal/pkg/middleware/vaildator.go:417.6,417.13 1 0
github.com/begonia-org/begonia/internal/pkg/middleware/vaildator.go:417.13,421.7 3 0
github.com/begonia-org/begonia/internal/pkg/middleware/vaildator.go:422.11,426.6 3 0
github.com/begonia-org/begonia/internal/pkg/middleware/vaildator.go:429.3,429.20 1 0
github.com/begonia-org/begonia/internal/pkg/middleware/vaildator.go:432.89,436.16 4 0
github.com/begonia-org/begonia/internal/pkg/middleware/vaildator.go:436.16,438.19 2 0
github.com/begonia-org/begonia/internal/pkg/middleware/vaildator.go:438.19,441.4 2 0
github.com/begonia-org/begonia/internal/pkg/middleware/vaildator.go:442.3,443.17 2 0
github.com/begonia-org/begonia/internal/pkg/middleware/vaildator.go:443.17,445.4 1 0
github.com/begonia-org/begonia/internal/pkg/middleware/vaildator.go:446.3,446.20 1 0
github.com/begonia-org/begonia/internal/pkg/middleware/vaildator.go:446.20,448.4 1 0
github.com/begonia-org/begonia/internal/pkg/middleware/vaildator.go:449.3,450.54 2 0
github.com/begonia-org/begonia/internal/pkg/middleware/vaildator.go:452.2,452.20 1 0
github.com/begonia-org/begonia/internal/pkg/middleware/vaildator.go:454.57,456.27 2 1
github.com/begonia-org/begonia/internal/pkg/middleware/vaildator.go:456.27,457.56 1 1
github.com/begonia-org/begonia/internal/pkg/middleware/vaildator.go:457.56,459.27 2 1
github.com/begonia-org/begonia/internal/pkg/middleware/vaildator.go:459.27,461.5 1 1
github.com/begonia-org/begonia/internal/pkg/middleware/vaildator.go:464.2,464.11 1 0
github.com/begonia-org/begonia/internal/pkg/middleware/vaildator.go:466.95,470.39 4 1
github.com/begonia-org/begonia/internal/pkg/middleware/vaildator.go:470.39,472.54 2 1
github.com/begonia-org/begonia/internal/pkg/middleware/vaildator.go:472.54,474.4 1 1
github.com/begonia-org/begonia/internal/pkg/middleware/vaildator.go:475.3,475.59 1 1
github.com/begonia-org/begonia/internal/pkg/middleware/vaildator.go:475.59,477.4 1 1
github.com/begonia-org/begonia/internal/pkg/middleware/vaildator.go:478.3,478.55 1 1
github.com/begonia-org/begonia/internal/pkg/middleware/vaildator.go:478.55,481.4 1 1
github.com/begonia-org/begonia/internal/pkg/middleware/vaildator.go:483.2,483.17 1 1
github.com/begonia-org/begonia/internal/pkg/middleware/vaildator.go:483.17,485.3 1 0
github.com/begonia-org/begonia/internal/pkg/middleware/vaildator.go:486.2,486.16 1 1
github.com/begonia-org/begonia/internal/pkg/middleware/vaildator.go:486.16,488.3 1 0
github.com/begonia-org/begonia/internal/pkg/middleware/vaildator.go:489.2,489.21 1 1
github.com/begonia-org/begonia/internal/pkg/middleware/vaildator.go:489.21,491.3 1 0
github.com/begonia-org/begonia/internal/pkg/middleware/vaildator.go:492.2,493.16 2 1
github.com/begonia-org/begonia/internal/pkg/middleware/vaildator.go:493.16,495.3 1 0
github.com/begonia-org/begonia/internal/pkg/middleware/vaildator.go:497.2,497.35 1 1
github.com/begonia-org/begonia/internal/pkg/middleware/vaildator.go:497.35,499.3 1 0
github.com/begonia-org/begonia/internal/pkg/middleware/vaildator.go:500.2,501.16 2 1
github.com/begonia-org/begonia/internal/pkg/middleware/vaildator.go:501.16,503.3 1 0
github.com/begonia-org/begonia/internal/pkg/middleware/vaildator.go:504.2,506.16 3 1
github.com/begonia-org/begonia/internal/pkg/middleware/vaildator.go:506.16,508.3 1 0
github.com/begonia-org/begonia/internal/pkg/middleware/vaildator.go:509.2,509.34 1 1
github.com/begonia-org/begonia/internal/pkg/middleware/vaildator.go:509.34,511.3 1 1
github.com/begonia-org/begonia/internal/pkg/middleware/vaildator.go:512.2,512.12 1 1
