mode: set
github.com/begonia-org/begonia/internal/pkg/middleware/validator/headers.go:31.26,33.3 1 1
github.com/begonia-org/begonia/internal/pkg/middleware/validator/headers.go:36.26,38.3 1 0
github.com/begonia-org/begonia/internal/pkg/middleware/validator/headers.go:42.26,44.3 1 0
github.com/begonia-org/begonia/internal/pkg/middleware/validator/headers.go:46.32,51.2 4 1
github.com/begonia-org/begonia/internal/pkg/middleware/validator/headers.go:52.45,57.2 3 1
github.com/begonia-org/begonia/internal/pkg/middleware/validator/headers.go:58.52,62.2 3 0
github.com/begonia-org/begonia/internal/pkg/middleware/validator/headers.go:63.32,67.2 3 0
github.com/begonia-org/begonia/internal/pkg/middleware/validator/headers.go:68.45,71.2 1 0
github.com/begonia-org/begonia/internal/pkg/middleware/validator/headers.go:72.52,74.2 1 0
github.com/begonia-org/begonia/internal/pkg/middleware/validator/headers.go:75.38,82.2 5 0
github.com/begonia-org/begonia/internal/pkg/middleware/validator/headers.go:83.51,88.2 4 0
github.com/begonia-org/begonia/internal/pkg/middleware/validator/headers.go:89.58,93.2 3 0
github.com/begonia-org/begonia/internal/pkg/middleware/validator/headers.go:95.86,102.2 5 1
github.com/begonia-org/begonia/internal/pkg/middleware/validator/headers.go:103.72,109.2 4 0
github.com/begonia-org/begonia/internal/pkg/middleware/validator/headers.go:111.120,117.2 4 0
github.com/begonia-org/begonia/internal/pkg/middleware/validator/stream.go:21.26,23.3 1 0
github.com/begonia-org/begonia/internal/pkg/middleware/validator/stream.go:25.97,31.2 5 0
github.com/begonia-org/begonia/internal/pkg/middleware/validator/stream.go:32.38,37.2 4 0
github.com/begonia-org/begonia/internal/pkg/middleware/validator/stream.go:38.54,40.2 1 0
github.com/begonia-org/begonia/internal/pkg/middleware/validator/stream.go:41.57,42.50 1 0
github.com/begonia-org/begonia/internal/pkg/middleware/validator/stream.go:42.50,44.3 1 0
github.com/begonia-org/begonia/internal/pkg/middleware/validator/stream.go:45.2,46.9 2 0
github.com/begonia-org/begonia/internal/pkg/middleware/validator/stream.go:46.9,49.3 1 0
github.com/begonia-org/begonia/internal/pkg/middleware/validator/stream.go:50.2,51.9 2 0
github.com/begonia-org/begonia/internal/pkg/middleware/validator/stream.go:51.9,54.3 1 0
github.com/begonia-org/begonia/internal/pkg/middleware/validator/stream.go:56.2,60.12 5 0
github.com/begonia-org/begonia/internal/pkg/middleware/validator/vaildator.go:49.169,50.25 1 1
github.com/begonia-org/begonia/internal/pkg/middleware/validator/vaildator.go:50.25,59.3 1 1
github.com/begonia-org/begonia/internal/pkg/middleware/validator/vaildator.go:60.2,60.18 1 1
github.com/begonia-org/begonia/internal/pkg/middleware/validator/vaildator.go:64.85,68.16 4 0
github.com/begonia-org/begonia/internal/pkg/middleware/validator/vaildator.go:68.16,70.3 1 0
github.com/begonia-org/begonia/internal/pkg/middleware/validator/vaildator.go:70.8,73.3 1 0
github.com/begonia-org/begonia/internal/pkg/middleware/validator/vaildator.go:74.2,75.22 2 0
github.com/begonia-org/begonia/internal/pkg/middleware/validator/vaildator.go:78.69,81.2 2 0
github.com/begonia-org/begonia/internal/pkg/middleware/validator/vaildator.go:83.110,84.44 1 1
github.com/begonia-org/begonia/internal/pkg/middleware/validator/vaildator.go:84.44,86.3 1 0
github.com/begonia-org/begonia/internal/pkg/middleware/validator/vaildator.go:87.2,87.43 1 1
github.com/begonia-org/begonia/internal/pkg/middleware/validator/vaildator.go:87.43,91.3 3 0
github.com/begonia-org/begonia/internal/pkg/middleware/validator/vaildator.go:92.2,92.33 1 1
github.com/begonia-org/begonia/internal/pkg/middleware/validator/vaildator.go:92.33,94.3 1 0
github.com/begonia-org/begonia/internal/pkg/middleware/validator/vaildator.go:95.2,95.63 1 1
github.com/begonia-org/begonia/internal/pkg/middleware/validator/vaildator.go:95.63,97.3 1 0
github.com/begonia-org/begonia/internal/pkg/middleware/validator/vaildator.go:98.2,98.18 1 1
github.com/begonia-org/begonia/internal/pkg/middleware/validator/vaildator.go:101.84,105.22 3 1
github.com/begonia-org/begonia/internal/pkg/middleware/validator/vaildator.go:105.22,107.3 1 1
github.com/begonia-org/begonia/internal/pkg/middleware/validator/vaildator.go:108.2,108.17 1 1
github.com/begonia-org/begonia/internal/pkg/middleware/validator/vaildator.go:108.17,110.3 1 0
github.com/begonia-org/begonia/internal/pkg/middleware/validator/vaildator.go:111.2,112.23 2 1
github.com/begonia-org/begonia/internal/pkg/middleware/validator/vaildator.go:112.23,114.3 1 1
github.com/begonia-org/begonia/internal/pkg/middleware/validator/vaildator.go:116.2,120.23 4 1
github.com/begonia-org/begonia/internal/pkg/middleware/validator/vaildator.go:120.23,122.3 1 0
github.com/begonia-org/begonia/internal/pkg/middleware/validator/vaildator.go:123.2,125.16 3 1
github.com/begonia-org/begonia/internal/pkg/middleware/validator/vaildator.go:125.16,127.3 1 0
github.com/begonia-org/begonia/internal/pkg/middleware/validator/vaildator.go:128.2,129.16 2 1
github.com/begonia-org/begonia/internal/pkg/middleware/validator/vaildator.go:129.16,131.3 1 0
github.com/begonia-org/begonia/internal/pkg/middleware/validator/vaildator.go:132.2,132.21 1 1
github.com/begonia-org/begonia/internal/pkg/middleware/validator/vaildator.go:137.133,139.16 2 1
github.com/begonia-org/begonia/internal/pkg/middleware/validator/vaildator.go:139.16,141.3 1 1
github.com/begonia-org/begonia/internal/pkg/middleware/validator/vaildator.go:142.2,145.23 4 1
github.com/begonia-org/begonia/internal/pkg/middleware/validator/vaildator.go:145.23,147.3 1 0
github.com/begonia-org/begonia/internal/pkg/middleware/validator/vaildator.go:149.2,152.44 3 1
github.com/begonia-org/begonia/internal/pkg/middleware/validator/vaildator.go:152.44,155.16 2 0
github.com/begonia-org/begonia/internal/pkg/middleware/validator/vaildator.go:155.16,156.32 1 0
github.com/begonia-org/begonia/internal/pkg/middleware/validator/vaildator.go:156.32,160.5 3 0
github.com/begonia-org/begonia/internal/pkg/middleware/validator/vaildator.go:161.4,161.19 1 0
github.com/begonia-org/begonia/internal/pkg/middleware/validator/vaildator.go:161.19,163.19 2 0
github.com/begonia-org/begonia/internal/pkg/middleware/validator/vaildator.go:163.19,165.6 1 0
github.com/begonia-org/begonia/internal/pkg/middleware/validator/vaildator.go:169.3,169.38 1 0
github.com/begonia-org/begonia/internal/pkg/middleware/validator/vaildator.go:169.38,171.4 1 0
github.com/begonia-org/begonia/internal/pkg/middleware/validator/vaildator.go:173.3,174.26 2 0
github.com/begonia-org/begonia/internal/pkg/middleware/validator/vaildator.go:174.26,176.4 1 0
github.com/begonia-org/begonia/internal/pkg/middleware/validator/vaildator.go:177.3,182.17 6 0
github.com/begonia-org/begonia/internal/pkg/middleware/validator/vaildator.go:182.17,184.4 1 0
github.com/begonia-org/begonia/internal/pkg/middleware/validator/vaildator.go:186.6,188.19 3 0
github.com/begonia-org/begonia/internal/pkg/middleware/validator/vaildator.go:192.2,194.18 3 1
github.com/begonia-org/begonia/internal/pkg/middleware/validator/vaildator.go:197.76,199.23 1 1
github.com/begonia-org/begonia/internal/pkg/middleware/validator/vaildator.go:199.23,200.44 1 1
github.com/begonia-org/begonia/internal/pkg/middleware/validator/vaildator.go:200.44,202.4 1 1
github.com/begonia-org/begonia/internal/pkg/middleware/validator/vaildator.go:204.2,204.11 1 1
github.com/begonia-org/begonia/internal/pkg/middleware/validator/vaildator.go:206.152,210.2 3 0
github.com/begonia-org/begonia/internal/pkg/middleware/validator/vaildator.go:211.140,213.16 2 1
github.com/begonia-org/begonia/internal/pkg/middleware/validator/vaildator.go:213.16,215.3 1 0
github.com/begonia-org/begonia/internal/pkg/middleware/validator/vaildator.go:216.2,217.9 2 1
github.com/begonia-org/begonia/internal/pkg/middleware/validator/vaildator.go:217.9,219.3 1 0
github.com/begonia-org/begonia/internal/pkg/middleware/validator/vaildator.go:220.2,222.25 2 1
github.com/begonia-org/begonia/internal/pkg/middleware/validator/vaildator.go:222.25,224.3 1 1
github.com/begonia-org/begonia/internal/pkg/middleware/validator/vaildator.go:226.2,226.47 1 1
github.com/begonia-org/begonia/internal/pkg/middleware/validator/vaildator.go:226.47,228.17 2 1
github.com/begonia-org/begonia/internal/pkg/middleware/validator/vaildator.go:228.17,230.4 1 1
github.com/begonia-org/begonia/internal/pkg/middleware/validator/vaildator.go:231.3,231.18 1 1
github.com/begonia-org/begonia/internal/pkg/middleware/validator/vaildator.go:234.2,235.16 2 0
github.com/begonia-org/begonia/internal/pkg/middleware/validator/vaildator.go:235.16,237.3 1 0
github.com/begonia-org/begonia/internal/pkg/middleware/validator/vaildator.go:238.2,238.17 1 0
github.com/begonia-org/begonia/internal/pkg/middleware/validator/vaildator.go:240.163,242.9 2 1
github.com/begonia-org/begonia/internal/pkg/middleware/validator/vaildator.go:242.9,245.3 1 0
github.com/begonia-org/begonia/internal/pkg/middleware/validator/vaildator.go:246.2,247.9 2 1
github.com/begonia-org/begonia/internal/pkg/middleware/validator/vaildator.go:247.9,249.3 1 1
github.com/begonia-org/begonia/internal/pkg/middleware/validator/vaildator.go:250.2,253.16 4 1
github.com/begonia-org/begonia/internal/pkg/middleware/validator/vaildator.go:253.16,255.3 1 1
github.com/begonia-org/begonia/internal/pkg/middleware/validator/vaildator.go:256.2,256.33 1 1
github.com/begonia-org/begonia/internal/pkg/middleware/validator/vaildator.go:259.137,265.19 4 1
github.com/begonia-org/begonia/internal/pkg/middleware/validator/vaildator.go:265.19,267.3 1 0
github.com/begonia-org/begonia/internal/pkg/middleware/validator/vaildator.go:268.2,269.9 2 1
github.com/begonia-org/begonia/internal/pkg/middleware/validator/vaildator.go:269.9,272.3 1 0
github.com/begonia-org/begonia/internal/pkg/middleware/validator/vaildator.go:274.2,275.17 2 1
github.com/begonia-org/begonia/internal/pkg/middleware/validator/vaildator.go:275.17,277.3 1 0
github.com/begonia-org/begonia/internal/pkg/middleware/validator/vaildator.go:280.2,283.16 3 1
github.com/begonia-org/begonia/internal/pkg/middleware/validator/vaildator.go:283.16,285.3 1 1
github.com/begonia-org/begonia/internal/pkg/middleware/validator/vaildator.go:286.2,286.9 1 1
github.com/begonia-org/begonia/internal/pkg/middleware/validator/vaildator.go:286.9,288.3 1 0
github.com/begonia-org/begonia/internal/pkg/middleware/validator/vaildator.go:289.2,289.20 1 1
github.com/begonia-org/begonia/internal/pkg/middleware/validator/vaildator.go:293.65,294.71 1 0
github.com/begonia-org/begonia/internal/pkg/middleware/validator/vaildator.go:294.71,299.18 5 0
github.com/begonia-org/begonia/internal/pkg/middleware/validator/vaildator.go:299.18,301.4 1 0
github.com/begonia-org/begonia/internal/pkg/middleware/validator/vaildator.go:303.3,303.16 1 0
github.com/begonia-org/begonia/internal/pkg/middleware/validator/vaildator.go:303.16,310.4 1 0
github.com/begonia-org/begonia/internal/pkg/middleware/validator/vaildator.go:311.3,311.20 1 0
github.com/begonia-org/begonia/internal/pkg/middleware/validator/vaildator.go:311.20,313.27 1 0
github.com/begonia-org/begonia/internal/pkg/middleware/validator/vaildator.go:313.27,321.76 2 0
github.com/begonia-org/begonia/internal/pkg/middleware/validator/vaildator.go:321.76,322.47 1 0
github.com/begonia-org/begonia/internal/pkg/middleware/validator/vaildator.go:322.47,325.21 3 0
github.com/begonia-org/begonia/internal/pkg/middleware/validator/vaildator.go:325.21,329.8 3 0
github.com/begonia-org/begonia/internal/pkg/middleware/validator/vaildator.go:332.6,334.20 3 0
github.com/begonia-org/begonia/internal/pkg/middleware/validator/vaildator.go:334.20,337.7 2 0
github.com/begonia-org/begonia/internal/pkg/middleware/validator/vaildator.go:338.6,338.13 1 0
github.com/begonia-org/begonia/internal/pkg/middleware/validator/vaildator.go:338.13,342.7 3 0
github.com/begonia-org/begonia/internal/pkg/middleware/validator/vaildator.go:343.11,347.6 3 0
github.com/begonia-org/begonia/internal/pkg/middleware/validator/vaildator.go:350.3,350.20 1 0
github.com/begonia-org/begonia/internal/pkg/middleware/validator/vaildator.go:353.89,357.16 4 0
github.com/begonia-org/begonia/internal/pkg/middleware/validator/vaildator.go:357.16,359.19 2 0
github.com/begonia-org/begonia/internal/pkg/middleware/validator/vaildator.go:359.19,362.4 2 0
github.com/begonia-org/begonia/internal/pkg/middleware/validator/vaildator.go:363.3,364.17 2 0
github.com/begonia-org/begonia/internal/pkg/middleware/validator/vaildator.go:364.17,366.4 1 0
github.com/begonia-org/begonia/internal/pkg/middleware/validator/vaildator.go:367.3,367.20 1 0
github.com/begonia-org/begonia/internal/pkg/middleware/validator/vaildator.go:367.20,369.4 1 0
github.com/begonia-org/begonia/internal/pkg/middleware/validator/vaildator.go:370.3,371.54 2 0
github.com/begonia-org/begonia/internal/pkg/middleware/validator/vaildator.go:373.2,373.20 1 0
github.com/begonia-org/begonia/internal/pkg/middleware/validator/vaildator.go:375.57,377.27 2 0
github.com/begonia-org/begonia/internal/pkg/middleware/validator/vaildator.go:377.27,378.56 1 0
github.com/begonia-org/begonia/internal/pkg/middleware/validator/vaildator.go:378.56,380.27 2 0
github.com/begonia-org/begonia/internal/pkg/middleware/validator/vaildator.go:380.27,382.5 1 0
github.com/begonia-org/begonia/internal/pkg/middleware/validator/vaildator.go:385.2,385.11 1 0
github.com/begonia-org/begonia/internal/pkg/middleware/validator/vaildator.go:387.95,391.39 4 0
github.com/begonia-org/begonia/internal/pkg/middleware/validator/vaildator.go:391.39,393.54 2 0
github.com/begonia-org/begonia/internal/pkg/middleware/validator/vaildator.go:393.54,395.4 1 0
github.com/begonia-org/begonia/internal/pkg/middleware/validator/vaildator.go:396.3,396.59 1 0
github.com/begonia-org/begonia/internal/pkg/middleware/validator/vaildator.go:396.59,398.4 1 0
github.com/begonia-org/begonia/internal/pkg/middleware/validator/vaildator.go:399.3,399.55 1 0
github.com/begonia-org/begonia/internal/pkg/middleware/validator/vaildator.go:399.55,402.4 1 0
github.com/begonia-org/begonia/internal/pkg/middleware/validator/vaildator.go:404.2,404.17 1 0
github.com/begonia-org/begonia/internal/pkg/middleware/validator/vaildator.go:404.17,406.3 1 0
github.com/begonia-org/begonia/internal/pkg/middleware/validator/vaildator.go:407.2,407.16 1 0
github.com/begonia-org/begonia/internal/pkg/middleware/validator/vaildator.go:407.16,409.3 1 0
github.com/begonia-org/begonia/internal/pkg/middleware/validator/vaildator.go:410.2,410.21 1 0
github.com/begonia-org/begonia/internal/pkg/middleware/validator/vaildator.go:410.21,412.3 1 0
github.com/begonia-org/begonia/internal/pkg/middleware/validator/vaildator.go:413.2,414.16 2 0
github.com/begonia-org/begonia/internal/pkg/middleware/validator/vaildator.go:414.16,416.3 1 0
github.com/begonia-org/begonia/internal/pkg/middleware/validator/vaildator.go:418.2,418.35 1 0
github.com/begonia-org/begonia/internal/pkg/middleware/validator/vaildator.go:418.35,420.3 1 0
github.com/begonia-org/begonia/internal/pkg/middleware/validator/vaildator.go:421.2,422.16 2 0
github.com/begonia-org/begonia/internal/pkg/middleware/validator/vaildator.go:422.16,424.3 1 0
github.com/begonia-org/begonia/internal/pkg/middleware/validator/vaildator.go:425.2,427.16 3 0
github.com/begonia-org/begonia/internal/pkg/middleware/validator/vaildator.go:427.16,429.3 1 0
github.com/begonia-org/begonia/internal/pkg/middleware/validator/vaildator.go:430.2,430.34 1 0
github.com/begonia-org/begonia/internal/pkg/middleware/validator/vaildator.go:430.34,432.3 1 0
github.com/begonia-org/begonia/internal/pkg/middleware/validator/vaildator.go:433.2,433.12 1 0
