mode: set
github.com/begonia-org/begonia/internal/pkg/middleware/validator/headers.go:31.26,33.3 1 1
github.com/begonia-org/begonia/internal/pkg/middleware/validator/headers.go:36.26,38.3 1 0
github.com/begonia-org/begonia/internal/pkg/middleware/validator/headers.go:42.26,44.3 1 1
github.com/begonia-org/begonia/internal/pkg/middleware/validator/headers.go:46.32,51.2 4 0
github.com/begonia-org/begonia/internal/pkg/middleware/validator/headers.go:52.45,57.2 3 0
github.com/begonia-org/begonia/internal/pkg/middleware/validator/headers.go:58.52,62.2 3 0
github.com/begonia-org/begonia/internal/pkg/middleware/validator/headers.go:63.32,67.2 3 0
github.com/begonia-org/begonia/internal/pkg/middleware/validator/headers.go:68.45,71.2 1 0
github.com/begonia-org/begonia/internal/pkg/middleware/validator/headers.go:72.52,74.2 1 0
github.com/begonia-org/begonia/internal/pkg/middleware/validator/headers.go:75.38,82.2 5 1
github.com/begonia-org/begonia/internal/pkg/middleware/validator/headers.go:83.51,88.2 4 0
github.com/begonia-org/begonia/internal/pkg/middleware/validator/headers.go:89.58,93.2 3 0
github.com/begonia-org/begonia/internal/pkg/middleware/validator/headers.go:95.86,102.2 5 1
github.com/begonia-org/begonia/internal/pkg/middleware/validator/headers.go:103.72,109.2 4 0
github.com/begonia-org/begonia/internal/pkg/middleware/validator/headers.go:111.120,117.2 4 1
github.com/begonia-org/begonia/internal/pkg/middleware/validator/stream.go:21.26,25.3 1 1
github.com/begonia-org/begonia/internal/pkg/middleware/validator/stream.go:27.97,33.2 5 1
github.com/begonia-org/begonia/internal/pkg/middleware/validator/stream.go:34.38,39.2 4 1
github.com/begonia-org/begonia/internal/pkg/middleware/validator/stream.go:40.54,42.2 1 1
github.com/begonia-org/begonia/internal/pkg/middleware/validator/stream.go:43.57,44.50 1 1
github.com/begonia-org/begonia/internal/pkg/middleware/validator/stream.go:44.50,46.3 1 0
github.com/begonia-org/begonia/internal/pkg/middleware/validator/stream.go:47.2,48.9 2 1
github.com/begonia-org/begonia/internal/pkg/middleware/validator/stream.go:48.9,51.3 1 0
github.com/begonia-org/begonia/internal/pkg/middleware/validator/stream.go:52.2,53.9 2 1
github.com/begonia-org/begonia/internal/pkg/middleware/validator/stream.go:53.9,56.3 1 1
github.com/begonia-org/begonia/internal/pkg/middleware/validator/stream.go:58.2,62.12 5 1
github.com/begonia-org/begonia/internal/pkg/middleware/validator/vaildator.go:45.171,46.25 1 1
github.com/begonia-org/begonia/internal/pkg/middleware/validator/vaildator.go:46.25,54.3 1 1
github.com/begonia-org/begonia/internal/pkg/middleware/validator/vaildator.go:55.2,55.18 1 1
github.com/begonia-org/begonia/internal/pkg/middleware/validator/vaildator.go:59.85,63.16 4 0
github.com/begonia-org/begonia/internal/pkg/middleware/validator/vaildator.go:63.16,65.3 1 0
github.com/begonia-org/begonia/internal/pkg/middleware/validator/vaildator.go:65.8,68.3 1 0
github.com/begonia-org/begonia/internal/pkg/middleware/validator/vaildator.go:69.2,70.22 2 0
github.com/begonia-org/begonia/internal/pkg/middleware/validator/vaildator.go:73.69,76.2 2 0
github.com/begonia-org/begonia/internal/pkg/middleware/validator/vaildator.go:78.110,79.44 1 0
github.com/begonia-org/begonia/internal/pkg/middleware/validator/vaildator.go:79.44,81.3 1 0
github.com/begonia-org/begonia/internal/pkg/middleware/validator/vaildator.go:82.2,82.43 1 0
github.com/begonia-org/begonia/internal/pkg/middleware/validator/vaildator.go:82.43,86.3 3 0
github.com/begonia-org/begonia/internal/pkg/middleware/validator/vaildator.go:87.2,87.33 1 0
github.com/begonia-org/begonia/internal/pkg/middleware/validator/vaildator.go:87.33,89.3 1 0
github.com/begonia-org/begonia/internal/pkg/middleware/validator/vaildator.go:90.2,90.68 1 0
github.com/begonia-org/begonia/internal/pkg/middleware/validator/vaildator.go:90.68,91.17 1 0
github.com/begonia-org/begonia/internal/pkg/middleware/validator/vaildator.go:91.17,93.4 1 0
github.com/begonia-org/begonia/internal/pkg/middleware/validator/vaildator.go:94.3,94.166 1 0
github.com/begonia-org/begonia/internal/pkg/middleware/validator/vaildator.go:96.2,96.18 1 0
github.com/begonia-org/begonia/internal/pkg/middleware/validator/vaildator.go:99.84,103.22 3 0
github.com/begonia-org/begonia/internal/pkg/middleware/validator/vaildator.go:103.22,105.3 1 0
github.com/begonia-org/begonia/internal/pkg/middleware/validator/vaildator.go:106.2,106.17 1 0
github.com/begonia-org/begonia/internal/pkg/middleware/validator/vaildator.go:106.17,108.3 1 0
github.com/begonia-org/begonia/internal/pkg/middleware/validator/vaildator.go:109.2,110.23 2 0
github.com/begonia-org/begonia/internal/pkg/middleware/validator/vaildator.go:110.23,112.3 1 0
github.com/begonia-org/begonia/internal/pkg/middleware/validator/vaildator.go:114.2,118.23 4 0
github.com/begonia-org/begonia/internal/pkg/middleware/validator/vaildator.go:118.23,120.3 1 0
github.com/begonia-org/begonia/internal/pkg/middleware/validator/vaildator.go:121.2,123.16 3 0
github.com/begonia-org/begonia/internal/pkg/middleware/validator/vaildator.go:123.16,125.3 1 0
github.com/begonia-org/begonia/internal/pkg/middleware/validator/vaildator.go:126.2,127.16 2 0
github.com/begonia-org/begonia/internal/pkg/middleware/validator/vaildator.go:127.16,129.3 1 0
github.com/begonia-org/begonia/internal/pkg/middleware/validator/vaildator.go:130.2,130.21 1 0
github.com/begonia-org/begonia/internal/pkg/middleware/validator/vaildator.go:135.133,137.16 2 0
github.com/begonia-org/begonia/internal/pkg/middleware/validator/vaildator.go:137.16,139.3 1 0
github.com/begonia-org/begonia/internal/pkg/middleware/validator/vaildator.go:140.2,143.23 4 0
github.com/begonia-org/begonia/internal/pkg/middleware/validator/vaildator.go:143.23,145.3 1 0
github.com/begonia-org/begonia/internal/pkg/middleware/validator/vaildator.go:147.2,150.44 3 0
github.com/begonia-org/begonia/internal/pkg/middleware/validator/vaildator.go:150.44,153.16 2 0
github.com/begonia-org/begonia/internal/pkg/middleware/validator/vaildator.go:153.16,154.32 1 0
github.com/begonia-org/begonia/internal/pkg/middleware/validator/vaildator.go:154.32,158.5 3 0
github.com/begonia-org/begonia/internal/pkg/middleware/validator/vaildator.go:159.4,159.19 1 0
github.com/begonia-org/begonia/internal/pkg/middleware/validator/vaildator.go:159.19,161.19 2 0
github.com/begonia-org/begonia/internal/pkg/middleware/validator/vaildator.go:161.19,163.6 1 0
github.com/begonia-org/begonia/internal/pkg/middleware/validator/vaildator.go:167.3,167.38 1 0
github.com/begonia-org/begonia/internal/pkg/middleware/validator/vaildator.go:167.38,169.4 1 0
github.com/begonia-org/begonia/internal/pkg/middleware/validator/vaildator.go:171.3,172.26 2 0
github.com/begonia-org/begonia/internal/pkg/middleware/validator/vaildator.go:172.26,174.4 1 0
github.com/begonia-org/begonia/internal/pkg/middleware/validator/vaildator.go:175.3,180.17 6 0
github.com/begonia-org/begonia/internal/pkg/middleware/validator/vaildator.go:180.17,182.4 1 0
github.com/begonia-org/begonia/internal/pkg/middleware/validator/vaildator.go:184.3,186.19 3 0
github.com/begonia-org/begonia/internal/pkg/middleware/validator/vaildator.go:190.2,192.18 3 0
github.com/begonia-org/begonia/internal/pkg/middleware/validator/vaildator.go:195.76,197.23 1 1
github.com/begonia-org/begonia/internal/pkg/middleware/validator/vaildator.go:197.23,198.44 1 1
github.com/begonia-org/begonia/internal/pkg/middleware/validator/vaildator.go:198.44,200.4 1 1
github.com/begonia-org/begonia/internal/pkg/middleware/validator/vaildator.go:202.2,202.11 1 0
github.com/begonia-org/begonia/internal/pkg/middleware/validator/vaildator.go:204.152,208.2 3 1
github.com/begonia-org/begonia/internal/pkg/middleware/validator/vaildator.go:209.140,211.16 2 1
github.com/begonia-org/begonia/internal/pkg/middleware/validator/vaildator.go:211.16,213.3 1 0
github.com/begonia-org/begonia/internal/pkg/middleware/validator/vaildator.go:214.2,215.9 2 1
github.com/begonia-org/begonia/internal/pkg/middleware/validator/vaildator.go:215.9,217.3 1 0
github.com/begonia-org/begonia/internal/pkg/middleware/validator/vaildator.go:218.2,220.25 2 1
github.com/begonia-org/begonia/internal/pkg/middleware/validator/vaildator.go:220.25,222.3 1 0
github.com/begonia-org/begonia/internal/pkg/middleware/validator/vaildator.go:224.2,224.47 1 1
github.com/begonia-org/begonia/internal/pkg/middleware/validator/vaildator.go:224.47,226.17 2 0
github.com/begonia-org/begonia/internal/pkg/middleware/validator/vaildator.go:226.17,228.4 1 0
github.com/begonia-org/begonia/internal/pkg/middleware/validator/vaildator.go:229.3,229.18 1 0
github.com/begonia-org/begonia/internal/pkg/middleware/validator/vaildator.go:232.2,233.16 2 1
github.com/begonia-org/begonia/internal/pkg/middleware/validator/vaildator.go:233.16,235.3 1 1
github.com/begonia-org/begonia/internal/pkg/middleware/validator/vaildator.go:236.2,236.17 1 1
github.com/begonia-org/begonia/internal/pkg/middleware/validator/vaildator.go:238.163,240.9 2 0
github.com/begonia-org/begonia/internal/pkg/middleware/validator/vaildator.go:240.9,243.3 1 0
github.com/begonia-org/begonia/internal/pkg/middleware/validator/vaildator.go:244.2,245.9 2 0
github.com/begonia-org/begonia/internal/pkg/middleware/validator/vaildator.go:245.9,247.3 1 0
github.com/begonia-org/begonia/internal/pkg/middleware/validator/vaildator.go:248.2,251.16 4 0
github.com/begonia-org/begonia/internal/pkg/middleware/validator/vaildator.go:251.16,253.3 1 0
github.com/begonia-org/begonia/internal/pkg/middleware/validator/vaildator.go:254.2,254.33 1 0
github.com/begonia-org/begonia/internal/pkg/middleware/validator/vaildator.go:257.137,263.19 4 0
github.com/begonia-org/begonia/internal/pkg/middleware/validator/vaildator.go:263.19,265.3 1 0
github.com/begonia-org/begonia/internal/pkg/middleware/validator/vaildator.go:266.2,267.9 2 0
github.com/begonia-org/begonia/internal/pkg/middleware/validator/vaildator.go:267.9,270.3 1 0
github.com/begonia-org/begonia/internal/pkg/middleware/validator/vaildator.go:272.2,273.17 2 0
github.com/begonia-org/begonia/internal/pkg/middleware/validator/vaildator.go:273.17,275.3 1 0
github.com/begonia-org/begonia/internal/pkg/middleware/validator/vaildator.go:278.2,281.16 3 0
github.com/begonia-org/begonia/internal/pkg/middleware/validator/vaildator.go:281.16,283.3 1 0
github.com/begonia-org/begonia/internal/pkg/middleware/validator/vaildator.go:284.2,284.9 1 0
github.com/begonia-org/begonia/internal/pkg/middleware/validator/vaildator.go:284.9,286.3 1 0
github.com/begonia-org/begonia/internal/pkg/middleware/validator/vaildator.go:287.2,287.20 1 0
github.com/begonia-org/begonia/internal/pkg/middleware/validator/vaildator.go:291.65,292.71 1 0
github.com/begonia-org/begonia/internal/pkg/middleware/validator/vaildator.go:292.71,297.18 5 0
github.com/begonia-org/begonia/internal/pkg/middleware/validator/vaildator.go:297.18,299.4 1 0
github.com/begonia-org/begonia/internal/pkg/middleware/validator/vaildator.go:301.3,301.16 1 0
github.com/begonia-org/begonia/internal/pkg/middleware/validator/vaildator.go:301.16,308.4 1 0
github.com/begonia-org/begonia/internal/pkg/middleware/validator/vaildator.go:309.3,309.20 1 0
github.com/begonia-org/begonia/internal/pkg/middleware/validator/vaildator.go:309.20,311.27 1 0
github.com/begonia-org/begonia/internal/pkg/middleware/validator/vaildator.go:311.27,319.76 2 0
github.com/begonia-org/begonia/internal/pkg/middleware/validator/vaildator.go:319.76,320.47 1 0
github.com/begonia-org/begonia/internal/pkg/middleware/validator/vaildator.go:320.47,323.21 3 0
github.com/begonia-org/begonia/internal/pkg/middleware/validator/vaildator.go:323.21,327.8 3 0
github.com/begonia-org/begonia/internal/pkg/middleware/validator/vaildator.go:330.6,332.20 3 0
github.com/begonia-org/begonia/internal/pkg/middleware/validator/vaildator.go:332.20,335.7 2 0
github.com/begonia-org/begonia/internal/pkg/middleware/validator/vaildator.go:336.6,336.13 1 0
github.com/begonia-org/begonia/internal/pkg/middleware/validator/vaildator.go:336.13,340.7 3 0
github.com/begonia-org/begonia/internal/pkg/middleware/validator/vaildator.go:341.11,345.6 3 0
github.com/begonia-org/begonia/internal/pkg/middleware/validator/vaildator.go:348.3,348.20 1 0
github.com/begonia-org/begonia/internal/pkg/middleware/validator/vaildator.go:351.89,355.16 4 0
github.com/begonia-org/begonia/internal/pkg/middleware/validator/vaildator.go:355.16,357.17 2 0
github.com/begonia-org/begonia/internal/pkg/middleware/validator/vaildator.go:357.17,359.4 1 0
github.com/begonia-org/begonia/internal/pkg/middleware/validator/vaildator.go:360.3,360.20 1 0
github.com/begonia-org/begonia/internal/pkg/middleware/validator/vaildator.go:360.20,362.4 1 0
github.com/begonia-org/begonia/internal/pkg/middleware/validator/vaildator.go:364.3,364.69 1 0
github.com/begonia-org/begonia/internal/pkg/middleware/validator/vaildator.go:366.2,366.20 1 0
github.com/begonia-org/begonia/internal/pkg/middleware/validator/vaildator.go:368.57,370.27 2 1
github.com/begonia-org/begonia/internal/pkg/middleware/validator/vaildator.go:370.27,371.56 1 1
github.com/begonia-org/begonia/internal/pkg/middleware/validator/vaildator.go:371.56,373.27 2 1
github.com/begonia-org/begonia/internal/pkg/middleware/validator/vaildator.go:373.27,375.5 1 1
github.com/begonia-org/begonia/internal/pkg/middleware/validator/vaildator.go:378.2,378.11 1 0
github.com/begonia-org/begonia/internal/pkg/middleware/validator/vaildator.go:380.95,384.39 4 1
github.com/begonia-org/begonia/internal/pkg/middleware/validator/vaildator.go:384.39,386.54 2 1
github.com/begonia-org/begonia/internal/pkg/middleware/validator/vaildator.go:386.54,388.4 1 1
github.com/begonia-org/begonia/internal/pkg/middleware/validator/vaildator.go:389.3,389.59 1 1
github.com/begonia-org/begonia/internal/pkg/middleware/validator/vaildator.go:389.59,391.4 1 1
github.com/begonia-org/begonia/internal/pkg/middleware/validator/vaildator.go:392.3,392.55 1 1
github.com/begonia-org/begonia/internal/pkg/middleware/validator/vaildator.go:392.55,395.4 1 1
github.com/begonia-org/begonia/internal/pkg/middleware/validator/vaildator.go:397.2,397.17 1 1
github.com/begonia-org/begonia/internal/pkg/middleware/validator/vaildator.go:397.17,399.3 1 0
github.com/begonia-org/begonia/internal/pkg/middleware/validator/vaildator.go:400.2,400.16 1 1
github.com/begonia-org/begonia/internal/pkg/middleware/validator/vaildator.go:400.16,402.3 1 0
github.com/begonia-org/begonia/internal/pkg/middleware/validator/vaildator.go:403.2,403.21 1 1
github.com/begonia-org/begonia/internal/pkg/middleware/validator/vaildator.go:403.21,405.3 1 0
github.com/begonia-org/begonia/internal/pkg/middleware/validator/vaildator.go:406.2,407.16 2 1
github.com/begonia-org/begonia/internal/pkg/middleware/validator/vaildator.go:407.16,409.3 1 0
github.com/begonia-org/begonia/internal/pkg/middleware/validator/vaildator.go:411.2,411.35 1 1
github.com/begonia-org/begonia/internal/pkg/middleware/validator/vaildator.go:411.35,413.3 1 0
github.com/begonia-org/begonia/internal/pkg/middleware/validator/vaildator.go:414.2,415.16 2 1
github.com/begonia-org/begonia/internal/pkg/middleware/validator/vaildator.go:415.16,417.3 1 0
github.com/begonia-org/begonia/internal/pkg/middleware/validator/vaildator.go:418.2,420.16 3 1
github.com/begonia-org/begonia/internal/pkg/middleware/validator/vaildator.go:420.16,422.3 1 0
github.com/begonia-org/begonia/internal/pkg/middleware/validator/vaildator.go:423.2,423.34 1 1
github.com/begonia-org/begonia/internal/pkg/middleware/validator/vaildator.go:423.34,425.3 1 1
github.com/begonia-org/begonia/internal/pkg/middleware/validator/vaildator.go:426.2,426.12 1 1
